[192.168.1.12:21229] SET PYTHONUNBUFFERED=1
[192.168.1.12:21229] SET MPLBACKEND=Agg
[INFO] world=1 act=relu hidden=228 lr=0.0003 batch=128 epochs=5
[Loader] feat_dim=10  train_local_rows=25995595  test_rows=11136503
[DATA] features=10; local train rows=25995595 | test rows (global)=11136503
[Epoch    1] starting…
/Users/koushik/Desktop/MS/DSA5208/Project/DSA5208_Stochastic_Gradient_Descent_MPI/src/train_mpi_sgd.py:187: RuntimeWarning: divide by zero encountered in matmul
  Z1 = X @ self.W1 + self.b1[None, :]
/Users/koushik/Desktop/MS/DSA5208/Project/DSA5208_Stochastic_Gradient_Descent_MPI/src/train_mpi_sgd.py:187: RuntimeWarning: overflow encountered in matmul
  Z1 = X @ self.W1 + self.b1[None, :]
/Users/koushik/Desktop/MS/DSA5208/Project/DSA5208_Stochastic_Gradient_Descent_MPI/src/train_mpi_sgd.py:187: RuntimeWarning: invalid value encountered in matmul
  Z1 = X @ self.W1 + self.b1[None, :]
/Users/koushik/Desktop/MS/DSA5208/Project/DSA5208_Stochastic_Gradient_Descent_MPI/src/train_mpi_sgd.py:189: RuntimeWarning: divide by zero encountered in matmul
  Yhat = A1 @ self.W2 + self.b2[None, :]
/Users/koushik/Desktop/MS/DSA5208/Project/DSA5208_Stochastic_Gradient_Descent_MPI/src/train_mpi_sgd.py:189: RuntimeWarning: overflow encountered in matmul
  Yhat = A1 @ self.W2 + self.b2[None, :]
/Users/koushik/Desktop/MS/DSA5208/Project/DSA5208_Stochastic_Gradient_Descent_MPI/src/train_mpi_sgd.py:189: RuntimeWarning: invalid value encountered in matmul
  Yhat = A1 @ self.W2 + self.b2[None, :]
/Users/koushik/Desktop/MS/DSA5208/Project/DSA5208_Stochastic_Gradient_Descent_MPI/src/train_mpi_sgd.py:201: RuntimeWarning: divide by zero encountered in matmul
  self.gW2[:] = (A1.T @ diff) / B
/Users/koushik/Desktop/MS/DSA5208/Project/DSA5208_Stochastic_Gradient_Descent_MPI/src/train_mpi_sgd.py:201: RuntimeWarning: overflow encountered in matmul
  self.gW2[:] = (A1.T @ diff) / B
/Users/koushik/Desktop/MS/DSA5208/Project/DSA5208_Stochastic_Gradient_Descent_MPI/src/train_mpi_sgd.py:201: RuntimeWarning: invalid value encountered in matmul
  self.gW2[:] = (A1.T @ diff) / B
/Users/koushik/Desktop/MS/DSA5208/Project/DSA5208_Stochastic_Gradient_Descent_MPI/src/train_mpi_sgd.py:205: RuntimeWarning: divide by zero encountered in matmul
  self.gW1[:] = (X.T @ dZ1) / B
/Users/koushik/Desktop/MS/DSA5208/Project/DSA5208_Stochastic_Gradient_Descent_MPI/src/train_mpi_sgd.py:205: RuntimeWarning: overflow encountered in matmul
  self.gW1[:] = (X.T @ dZ1) / B
/Users/koushik/Desktop/MS/DSA5208/Project/DSA5208_Stochastic_Gradient_Descent_MPI/src/train_mpi_sgd.py:205: RuntimeWarning: invalid value encountered in matmul
  self.gW1[:] = (X.T @ dZ1) / B
[Rank 0] gW1(10, 228) float32 | gb1(228,) float32 | gW2(228, 1) float32 | gb2(1,) float32
[Rank 0] Starting gradient sync
[Rank 0] Finished gradient sync
[Epoch    1] loss=9.349681 (best 9.349681) steps=203091 time=31.40s
[Epoch    2] starting…
[Epoch    3] starting…
[Epoch    4] starting…
[Epoch    5] starting…
[Epoch    5] loss=6.207483 (best 6.207483) steps=203091 time=30.91s
[Rank 0] Eval progress: 9994240/11136503 rows processed
[Rank 0] POST: global RMSE=3.502155 (sse=136590208.21, n=11136503)
\n=== Results ===
Activation     : relu
Hidden units   : 228
Batch size     : 128
Learning rate  : 0.0003
Epochs run     : 5
Train RMSE     : 3.489337
Test  RMSE     : 3.502155
Train time (s) : 157.22
✓ Results saved in /Users/koushik/Desktop/MS/DSA5208/Project/DSA5208_Stochastic_Gradient_Descent_MPI/results/scaling

✓ Finished single run in 172.32s. Artifacts: /Users/koushik/Desktop/MS/DSA5208/Project/DSA5208_Stochastic_Gradient_Descent_MPI/results/scaling
