[192.168.1.12:19545] SET PYTHONUNBUFFERED=1
[192.168.1.12:19545] SET MPLBACKEND=Agg
[INFO] world=2 act=tanh hidden=100 lr=0.0003 batch=32 epochs=5
[Loader] feat_dim=10  train_local_rows=12997798  test_rows=11136503
[DATA] features=10; local train rows=12997798 | test rows (global)=11136503
[Epoch    1] starting…
/Users/koushik/Desktop/MS/DSA5208/Project/DSA5208_Stochastic_Gradient_Descent_MPI/src/train_mpi_sgd.py:187: RuntimeWarning: divide by zero encountered in matmul
  Z1 = X @ self.W1 + self.b1[None, :]
/Users/koushik/Desktop/MS/DSA5208/Project/DSA5208_Stochastic_Gradient_Descent_MPI/src/train_mpi_sgd.py:187: RuntimeWarning: overflow encountered in matmul
  Z1 = X @ self.W1 + self.b1[None, :]
/Users/koushik/Desktop/MS/DSA5208/Project/DSA5208_Stochastic_Gradient_Descent_MPI/src/train_mpi_sgd.py:187: RuntimeWarning: invalid value encountered in matmul
  Z1 = X @ self.W1 + self.b1[None, :]
/Users/koushik/Desktop/MS/DSA5208/Project/DSA5208_Stochastic_Gradient_Descent_MPI/src/train_mpi_sgd.py:205: RuntimeWarning: divide by zero encountered in matmul
  self.gW1[:] = (X.T @ dZ1) / B
/Users/koushik/Desktop/MS/DSA5208/Project/DSA5208_Stochastic_Gradient_Descent_MPI/src/train_mpi_sgd.py:205: RuntimeWarning: overflow encountered in matmul
  self.gW1[:] = (X.T @ dZ1) / B
/Users/koushik/Desktop/MS/DSA5208/Project/DSA5208_Stochastic_Gradient_Descent_MPI/src/train_mpi_sgd.py:205: RuntimeWarning: invalid value encountered in matmul
  self.gW1[:] = (X.T @ dZ1) / B
[Rank 0] gW1(10, 100) float32 | gb1(100,) float32 | gW2(100, 1) float32 | gb2(1,) float32
[Rank 0] Starting gradient sync
/Users/koushik/Desktop/MS/DSA5208/Project/DSA5208_Stochastic_Gradient_Descent_MPI/src/train_mpi_sgd.py:187: RuntimeWarning: divide by zero encountered in matmul
  Z1 = X @ self.W1 + self.b1[None, :]
/Users/koushik/Desktop/MS/DSA5208/Project/DSA5208_Stochastic_Gradient_Descent_MPI/src/train_mpi_sgd.py:187: RuntimeWarning: overflow encountered in matmul
  Z1 = X @ self.W1 + self.b1[None, :]
/Users/koushik/Desktop/MS/DSA5208/Project/DSA5208_Stochastic_Gradient_Descent_MPI/src/train_mpi_sgd.py:187: RuntimeWarning: invalid value encountered in matmul
  Z1 = X @ self.W1 + self.b1[None, :]
/Users/koushik/Desktop/MS/DSA5208/Project/DSA5208_Stochastic_Gradient_Descent_MPI/src/train_mpi_sgd.py:205: RuntimeWarning: divide by zero encountered in matmul
  self.gW1[:] = (X.T @ dZ1) / B
/Users/koushik/Desktop/MS/DSA5208/Project/DSA5208_Stochastic_Gradient_Descent_MPI/src/train_mpi_sgd.py:205: RuntimeWarning: overflow encountered in matmul
  self.gW1[:] = (X.T @ dZ1) / B
/Users/koushik/Desktop/MS/DSA5208/Project/DSA5208_Stochastic_Gradient_Descent_MPI/src/train_mpi_sgd.py:205: RuntimeWarning: invalid value encountered in matmul
  self.gW1[:] = (X.T @ dZ1) / B
[Rank 1] gW1(10, 100) float32 | gb1(100,) float32 | gW2(100, 1) float32 | gb2(1,) float32
[Rank 1] Starting gradient sync
[Rank 1] Finished gradient sync
[Rank 0] Finished gradient sync
[Epoch    1] loss=9.237193 (best 9.237193) steps=406182 time=40.50s
[Epoch    2] starting…
[Epoch    3] starting…
[Epoch    4] starting…
[Epoch    5] starting…
[Epoch    5] loss=5.537824 (best 5.537824) steps=406182 time=39.65s
/Users/koushik/Desktop/MS/DSA5208/Project/DSA5208_Stochastic_Gradient_Descent_MPI/src/train_mpi_sgd.py:189: RuntimeWarning: divide by zero encountered in matmul
  Yhat = A1 @ self.W2 + self.b2[None, :]
/Users/koushik/Desktop/MS/DSA5208/Project/DSA5208_Stochastic_Gradient_Descent_MPI/src/train_mpi_sgd.py:189: RuntimeWarning: overflow encountered in matmul
  Yhat = A1 @ self.W2 + self.b2[None, :]
/Users/koushik/Desktop/MS/DSA5208/Project/DSA5208_Stochastic_Gradient_Descent_MPI/src/train_mpi_sgd.py:189: RuntimeWarning: invalid value encountered in matmul
  Yhat = A1 @ self.W2 + self.b2[None, :]
/Users/koushik/Desktop/MS/DSA5208/Project/DSA5208_Stochastic_Gradient_Descent_MPI/src/train_mpi_sgd.py:189: RuntimeWarning: divide by zero encountered in matmul
  Yhat = A1 @ self.W2 + self.b2[None, :]
/Users/koushik/Desktop/MS/DSA5208/Project/DSA5208_Stochastic_Gradient_Descent_MPI/src/train_mpi_sgd.py:189: RuntimeWarning: overflow encountered in matmul
  Yhat = A1 @ self.W2 + self.b2[None, :]
/Users/koushik/Desktop/MS/DSA5208/Project/DSA5208_Stochastic_Gradient_Descent_MPI/src/train_mpi_sgd.py:189: RuntimeWarning: invalid value encountered in matmul
  Yhat = A1 @ self.W2 + self.b2[None, :]
[Rank 1] Eval progress: 9994240/11136503 rows processed
[Rank 0] Eval progress: 9994240/11136503 rows processed
[Rank 0] POST: global RMSE=7.510355 (sse=1256318623.29, n=22273006)
\n=== Results ===
Activation     : tanh
Hidden units   : 100
Batch size     : 32
Learning rate  : 0.0003
Epochs run     : 5
Train RMSE     : 3.301844
Test  RMSE     : 7.510355
Train time (s) : 200.48
✓ Results saved in /Users/koushik/Desktop/MS/DSA5208/Project/DSA5208_Stochastic_Gradient_Descent_MPI/results/scaling

✓ Finished single run in 211.71s. Artifacts: /Users/koushik/Desktop/MS/DSA5208/Project/DSA5208_Stochastic_Gradient_Descent_MPI/results/scaling

✓ Finished single run in 211.71s. Artifacts: /Users/koushik/Desktop/MS/DSA5208/Project/DSA5208_Stochastic_Gradient_Descent_MPI/results/scaling
