[192.168.1.12:10359] SET PYTHONUNBUFFERED=1
[192.168.1.12:10359] SET MPLBACKEND=Agg
[INFO] world=1 act=tanh hidden=128 lr=0.0003 batch=32 epochs=5
[Loader] feat_dim=10  train_local_rows=25995595  test_rows=11136503
[DATA] features=10; local train rows=25995595 | test rows (global)=11136503
[Epoch    1] starting…
/Users/koushik/Desktop/MS/DSA5208/Project/DSA5208_Stochastic_Gradient_Descent_MPI/src/train_mpi_sgd.py:187: RuntimeWarning: divide by zero encountered in matmul
  Z1 = X @ self.W1 + self.b1[None, :]
/Users/koushik/Desktop/MS/DSA5208/Project/DSA5208_Stochastic_Gradient_Descent_MPI/src/train_mpi_sgd.py:187: RuntimeWarning: overflow encountered in matmul
  Z1 = X @ self.W1 + self.b1[None, :]
/Users/koushik/Desktop/MS/DSA5208/Project/DSA5208_Stochastic_Gradient_Descent_MPI/src/train_mpi_sgd.py:187: RuntimeWarning: invalid value encountered in matmul
  Z1 = X @ self.W1 + self.b1[None, :]
/Users/koushik/Desktop/MS/DSA5208/Project/DSA5208_Stochastic_Gradient_Descent_MPI/src/train_mpi_sgd.py:189: RuntimeWarning: divide by zero encountered in matmul
  Yhat = A1 @ self.W2 + self.b2[None, :]
/Users/koushik/Desktop/MS/DSA5208/Project/DSA5208_Stochastic_Gradient_Descent_MPI/src/train_mpi_sgd.py:189: RuntimeWarning: overflow encountered in matmul
  Yhat = A1 @ self.W2 + self.b2[None, :]
/Users/koushik/Desktop/MS/DSA5208/Project/DSA5208_Stochastic_Gradient_Descent_MPI/src/train_mpi_sgd.py:189: RuntimeWarning: invalid value encountered in matmul
  Yhat = A1 @ self.W2 + self.b2[None, :]
/Users/koushik/Desktop/MS/DSA5208/Project/DSA5208_Stochastic_Gradient_Descent_MPI/src/train_mpi_sgd.py:201: RuntimeWarning: divide by zero encountered in matmul
  self.gW2[:] = (A1.T @ diff) / B
/Users/koushik/Desktop/MS/DSA5208/Project/DSA5208_Stochastic_Gradient_Descent_MPI/src/train_mpi_sgd.py:201: RuntimeWarning: overflow encountered in matmul
  self.gW2[:] = (A1.T @ diff) / B
/Users/koushik/Desktop/MS/DSA5208/Project/DSA5208_Stochastic_Gradient_Descent_MPI/src/train_mpi_sgd.py:201: RuntimeWarning: invalid value encountered in matmul
  self.gW2[:] = (A1.T @ diff) / B
/Users/koushik/Desktop/MS/DSA5208/Project/DSA5208_Stochastic_Gradient_Descent_MPI/src/train_mpi_sgd.py:205: RuntimeWarning: divide by zero encountered in matmul
  self.gW1[:] = (X.T @ dZ1) / B
/Users/koushik/Desktop/MS/DSA5208/Project/DSA5208_Stochastic_Gradient_Descent_MPI/src/train_mpi_sgd.py:205: RuntimeWarning: overflow encountered in matmul
  self.gW1[:] = (X.T @ dZ1) / B
/Users/koushik/Desktop/MS/DSA5208/Project/DSA5208_Stochastic_Gradient_Descent_MPI/src/train_mpi_sgd.py:205: RuntimeWarning: invalid value encountered in matmul
  self.gW1[:] = (X.T @ dZ1) / B
[Rank 0] gW1(10, 128) float32 | gb1(128,) float32 | gW2(128, 1) float32 | gb2(1,) float32
[Rank 0] Starting gradient sync
[Rank 0] Finished gradient sync
[Epoch    1] loss=7.936175 (best 7.936175) steps=812363 time=75.77s
[Epoch    2] starting…
[Epoch    3] starting…
[Epoch    4] starting…
[Epoch    5] starting…
[Epoch    5] loss=5.240992 (best 5.240992) steps=812363 time=75.59s
[Rank 0] Eval progress: 9994240/11136503 rows processed
[Rank 0] POST: global RMSE=3.230038 (sse=116188729.95, n=11136503)
\n=== Results ===
Activation     : tanh
Hidden units   : 128
Batch size     : 32
Learning rate  : 0.0003
Epochs run     : 5
Train RMSE     : 3.225787
Test  RMSE     : 3.230038
Train time (s) : 379.67
✓ Results saved in /Users/koushik/Desktop/MS/DSA5208/Project/DSA5208_Stochastic_Gradient_Descent_MPI/results/scaling

✓ Finished single run in 393.64s. Artifacts: /Users/koushik/Desktop/MS/DSA5208/Project/DSA5208_Stochastic_Gradient_Descent_MPI/results/scaling
